{"numFailedTestSuites":0,"numFailedTests":0,"numPassedTestSuites":2,"numPassedTests":40,"numPendingTestSuites":0,"numPendingTests":0,"numRuntimeErrorTestSuites":0,"numTodoTests":0,"numTotalTestSuites":2,"numTotalTests":40,"openHandles":[],"snapshot":{"added":0,"didUpdate":false,"failure":false,"filesAdded":0,"filesRemoved":0,"filesRemovedList":[],"filesUnmatched":0,"filesUpdated":0,"matched":0,"total":0,"unchecked":0,"uncheckedKeysByFile":[],"unmatched":0,"updated":0},"startTime":1781083350960,"success":true,"testResults":[{"assertionResults":[{"ancestorTitles":["normalizeUsername"],"duration":32,"failureDetails":[],"failureMessages":[],"fullName":"normalizeUsername trims surrounding whitespace and lowercases","invocations":1,"location":null,"numPassingAsserts":1,"retryReasons":[],"status":"passed","title":"trims surrounding whitespace and lowercases"},{"ancestorTitles":["normalizeUsername"],"duration":1,"failureDetails":[],"failureMessages":[],"fullName":"normalizeUsername handles null/undefined safely","invocations":1,"location":null,"numPassingAsserts":2,"retryReasons":[],"status":"passed","title":"handles null/undefined safely"},{"ancestorTitles":["normalizeEmail"],"duration":1,"failureDetails":[],"failureMessages":[],"fullName":"normalizeEmail lowercases and trims non-Gmail addresses without altering local part","invocations":1,"location":null,"numPassingAsserts":1,"retryReasons":[],"status":"passed","title":"lowercases and trims non-Gmail addresses without altering local part"},{"ancestorTitles":["normalizeEmail"],"duration":3,"failureDetails":[],"failureMessages":[],"fullName":"normalizeEmail folds Gmail dots and subaddresses (duplicate-account prevention)","invocations":1,"location":null,"numPassingAsserts":2,"retryReasons":[],"status":"passed","title":"folds Gmail dots and subaddresses (duplicate-account prevention)"},{"ancestorTitles":["normalizeEmail"],"duration":3,"failureDetails":[],"failureMessages":[],"fullName":"normalizeEmail returns empty string for empty input","invocations":1,"location":null,"numPassingAsserts":1,"retryReasons":[],"status":"passed","title":"returns empty string for empty input"},{"ancestorTitles":["isValidEmailShape"],"duration":2,"failureDetails":[],"failureMessages":[],"fullName":"isValidEmailShape isValidEmailShape(user@example.com) === true","invocations":1,"location":null,"numPassingAsserts":1,"retryReasons":[],"status":"passed","title":"isValidEmailShape(user@example.com) === true"},{"ancestorTitles":["isValidEmailShape"],"duration":2,"failureDetails":[],"failureMessages":[],"fullName":"isValidEmailShape isValidEmailShape(a.b-c@sub.domain.org) === true","invocations":1,"location":null,"numPassingAsserts":1,"retryReasons":[],"status":"passed","title":"isValidEmailShape(a.b-c@sub.domain.org) === true"},{"ancestorTitles":["isValidEmailShape"],"duration":2,"failureDetails":[],"failureMessages":[],"fullName":"isValidEmailShape isValidEmailShape(plainaddress) === false","invocations":1,"location":null,"numPassingAsserts":1,"retryReasons":[],"status":"passed","title":"isValidEmailShape(plainaddress) === false"},{"ancestorTitles":["isValidEmailShape"],"duration":9,"failureDetails":[],"failureMessages":[],"fullName":"isValidEmailShape isValidEmailShape(no-at-symbol.com) === false","invocations":1,"location":null,"numPassingAsserts":1,"retryReasons":[],"status":"passed","title":"isValidEmailShape(no-at-symbol.com) === false"},{"ancestorTitles":["isValidEmailShape"],"duration":2,"failureDetails":[],"failureMessages":[],"fullName":"isValidEmailShape isValidEmailShape(missing@dot) === false","invocations":1,"location":null,"numPassingAsserts":1,"retryReasons":[],"status":"passed","title":"isValidEmailShape(missing@dot) === false"},{"ancestorTitles":["isValidEmailShape"],"duration":1,"failureDetails":[],"failureMessages":[],"fullName":"isValidEmailShape isValidEmailShape(spaced address@x.com) === false","invocations":1,"location":null,"numPassingAsserts":1,"retryReasons":[],"status":"passed","title":"isValidEmailShape(spaced address@x.com) === false"},{"ancestorTitles":["isValidEmailShape"],"duration":1,"failureDetails":[],"failureMessages":[],"fullName":"isValidEmailShape isValidEmailShape() === false","invocations":1,"location":null,"numPassingAsserts":1,"retryReasons":[],"status":"passed","title":"isValidEmailShape() === false"},{"ancestorTitles":["registrationConflictResponse"],"duration":2,"failureDetails":[],"failureMessages":[],"fullName":"registrationConflictResponse no conflicts returns null","invocations":1,"location":null,"numPassingAsserts":1,"retryReasons":[],"status":"passed","title":"no conflicts returns null"},{"ancestorTitles":["registrationConflictResponse"],"duration":1,"failureDetails":[],"failureMessages":[],"fullName":"registrationConflictResponse username taken yields 409 USERNAME_TAKEN","invocations":1,"location":null,"numPassingAsserts":3,"retryReasons":[],"status":"passed","title":"username taken yields 409 USERNAME_TAKEN"},{"ancestorTitles":["registrationConflictResponse"],"duration":1,"failureDetails":[],"failureMessages":[],"fullName":"registrationConflictResponse email taken yields 409 EMAIL_TAKEN","invocations":1,"location":null,"numPassingAsserts":2,"retryReasons":[],"status":"passed","title":"email taken yields 409 EMAIL_TAKEN"},{"ancestorTitles":["registrationConflictResponse"],"duration":5,"failureDetails":[],"failureMessages":[],"fullName":"registrationConflictResponse same account on both fields yields combined CREDENTIALS_TAKEN","invocations":1,"location":null,"numPassingAsserts":3,"retryReasons":[],"status":"passed","title":"same account on both fields yields combined CREDENTIALS_TAKEN"},{"ancestorTitles":["registrationConflictResponse"],"duration":1,"failureDetails":[],"failureMessages":[],"fullName":"registrationConflictResponse inactive account surfaces ACCOUNT_INACTIVE","invocations":1,"location":null,"numPassingAsserts":1,"retryReasons":[],"status":"passed","title":"inactive account surfaces ACCOUNT_INACTIVE"},{"ancestorTitles":["mapUniqueViolation"],"duration":3,"failureDetails":[],"failureMessages":[],"fullName":"mapUniqueViolation non unique-violation error returns null","invocations":1,"location":null,"numPassingAsserts":1,"retryReasons":[],"status":"passed","title":"non unique-violation error returns null"},{"ancestorTitles":["mapUniqueViolation"],"duration":1,"failureDetails":[],"failureMessages":[],"fullName":"mapUniqueViolation username constraint maps to USERNAME_TAKEN","invocations":1,"location":null,"numPassingAsserts":1,"retryReasons":[],"status":"passed","title":"username constraint maps to USERNAME_TAKEN"},{"ancestorTitles":["mapUniqueViolation"],"duration":0,"failureDetails":[],"failureMessages":[],"fullName":"mapUniqueViolation email constraint maps to EMAIL_TAKEN","invocations":1,"location":null,"numPassingAsserts":1,"retryReasons":[],"status":"passed","title":"email constraint maps to EMAIL_TAKEN"},{"ancestorTitles":["mapUniqueViolation"],"duration":0,"failureDetails":[],"failureMessages":[],"fullName":"mapUniqueViolation unknown unique violation falls back to CREDENTIALS_TAKEN","invocations":1,"location":null,"numPassingAsserts":1,"retryReasons":[],"status":"passed","title":"unknown unique violation falls back to CREDENTIALS_TAKEN"},{"ancestorTitles":["findUserForLogin (resolution logic with injected db)"],"duration":5,"failureDetails":[],"failureMessages":[],"fullName":"findUserForLogin (resolution logic with injected db) resolves by username first","invocations":1,"location":null,"numPassingAsserts":2,"retryReasons":[],"status":"passed","title":"resolves by username first"},{"ancestorTitles":["findUserForLogin (resolution logic with injected db)"],"duration":3,"failureDetails":[],"failureMessages":[],"fullName":"findUserForLogin (resolution logic with injected db) falls back to email when not a username and identifier has @","invocations":1,"location":null,"numPassingAsserts":1,"retryReasons":[],"status":"passed","title":"falls back to email when not a username and identifier has @"},{"ancestorTitles":["findUserForLogin (resolution logic with injected db)"],"duration":1,"failureDetails":[],"failureMessages":[],"fullName":"findUserForLogin (resolution logic with injected db) resolves by display name when a single match exists","invocations":1,"location":null,"numPassingAsserts":1,"retryReasons":[],"status":"passed","title":"resolves by display name when a single match exists"},{"ancestorTitles":["findUserForLogin (resolution logic with injected db)"],"duration":1,"failureDetails":[],"failureMessages":[],"fullName":"findUserForLogin (resolution logic with injected db) returns null for empty identifier","invocations":1,"location":null,"numPassingAsserts":1,"retryReasons":[],"status":"passed","title":"returns null for empty identifier"},{"ancestorTitles":["findRegistrationConflicts (injected db)"],"duration":3,"failureDetails":[],"failureMessages":[],"fullName":"findRegistrationConflicts (injected db) returns normalized values and matched rows","invocations":1,"location":null,"numPassingAsserts":4,"retryReasons":[],"status":"passed","title":"returns normalized values and matched rows"}],"endTime":1781083354574,"message":"","name":"C:\\Projects\\SIGTS\\backend\\tests\\unit\\identity.test.js","startTime":1781083352161,"status":"passed","summary":""},{"assertionResults":[{"ancestorTitles":["Password hashing (bcrypt)"],"duration":260,"failureDetails":[],"failureMessages":[],"fullName":"Password hashing (bcrypt) hash is salted and never equals the plaintext","invocations":1,"location":null,"numPassingAsserts":2,"retryReasons":[],"status":"passed","title":"hash is salted and never equals the plaintext"},{"ancestorTitles":["Password hashing (bcrypt)"],"duration":425,"failureDetails":[],"failureMessages":[],"fullName":"Password hashing (bcrypt) two hashes of the same password differ (unique salts)","invocations":1,"location":null,"numPassingAsserts":1,"retryReasons":[],"status":"passed","title":"two hashes of the same password differ (unique salts)"},{"ancestorTitles":["Password hashing (bcrypt)"],"duration":718,"failureDetails":[],"failureMessages":[],"fullName":"Password hashing (bcrypt) correct password verifies and wrong password is rejected","invocations":1,"location":null,"numPassingAsserts":2,"retryReasons":[],"status":"passed","title":"correct password verifies and wrong password is rejected"},{"ancestorTitles":["JWT issuance and verification"],"duration":11,"failureDetails":[],"failureMessages":[],"fullName":"JWT issuance and verification valid token round-trips and preserves claims","invocations":1,"location":null,"numPassingAsserts":2,"retryReasons":[],"status":"passed","title":"valid token round-trips and preserves claims"},{"ancestorTitles":["JWT issuance and verification"],"duration":31,"failureDetails":[],"failureMessages":[],"fullName":"JWT issuance and verification token signed with a different secret is rejected","invocations":1,"location":null,"numPassingAsserts":1,"retryReasons":[],"status":"passed","title":"token signed with a different secret is rejected"},{"ancestorTitles":["JWT issuance and verification"],"duration":4,"failureDetails":[],"failureMessages":[],"fullName":"JWT issuance and verification tampered token body fails verification","invocations":1,"location":null,"numPassingAsserts":1,"retryReasons":[],"status":"passed","title":"tampered token body fails verification"},{"ancestorTitles":["JWT issuance and verification"],"duration":3,"failureDetails":[],"failureMessages":[],"fullName":"JWT issuance and verification expired token is rejected","invocations":1,"location":null,"numPassingAsserts":1,"retryReasons":[],"status":"passed","title":"expired token is rejected"},{"ancestorTitles":["Account-deduplication hardening (Gmail folding)"],"duration":4,"failureDetails":[],"failureMessages":[],"fullName":"Account-deduplication hardening (Gmail folding) dotted/subaddressed Gmail variants normalise to one canonical identity","invocations":1,"location":null,"numPassingAsserts":3,"retryReasons":[],"status":"passed","title":"dotted/subaddressed Gmail variants normalise to one canonical identity"},{"ancestorTitles":["Input validation defences"],"duration":1,"failureDetails":[],"failureMessages":[],"fullName":"Input validation defences rejects malformed email \"plainaddress\"","invocations":1,"location":null,"numPassingAsserts":1,"retryReasons":[],"status":"passed","title":"rejects malformed email \"plainaddress\""},{"ancestorTitles":["Input validation defences"],"duration":0,"failureDetails":[],"failureMessages":[],"fullName":"Input validation defences rejects malformed email \"a@b\"","invocations":1,"location":null,"numPassingAsserts":1,"retryReasons":[],"status":"passed","title":"rejects malformed email \"a@b\""},{"ancestorTitles":["Input validation defences"],"duration":1,"failureDetails":[],"failureMessages":[],"fullName":"Input validation defences rejects malformed email \"two words@x.com\"","invocations":1,"location":null,"numPassingAsserts":1,"retryReasons":[],"status":"passed","title":"rejects malformed email \"two words@x.com\""},{"ancestorTitles":["Input validation defences"],"duration":0,"failureDetails":[],"failureMessages":[],"fullName":"Input validation defences rejects malformed email \"\"","invocations":1,"location":null,"numPassingAsserts":1,"retryReasons":[],"status":"passed","title":"rejects malformed email \"\""},{"ancestorTitles":["Input validation defences"],"duration":0,"failureDetails":[],"failureMessages":[],"fullName":"Input validation defences rejects malformed email \"noатdomain.com\"","invocations":1,"location":null,"numPassingAsserts":1,"retryReasons":[],"status":"passed","title":"rejects malformed email \"noатdomain.com\""},{"ancestorTitles":["Input validation defences"],"duration":3,"failureDetails":[],"failureMessages":[],"fullName":"Input validation defences unique-violation responses never leak which field beyond intended code","invocations":1,"location":null,"numPassingAsserts":3,"retryReasons":[],"status":"passed","title":"unique-violation responses never leak which field beyond intended code"}],"endTime":1781083356296,"message":"","name":"C:\\Projects\\SIGTS\\backend\\tests\\security\\security.test.js","startTime":1781083352160,"status":"passed","summary":""}],"wasInterrupted":false}
